<?xml version="1.0" encoding="UTF-8"?>
<testsuite xmlns:xsi="http://www.w3.org/2001/XMLSchema-instance" xsi:noNamespaceSchemaLocation="https://maven.apache.org/surefire/maven-surefire-plugin/xsd/surefire-test-report.xsd" version="3.0.2" name="io.alanbinu.coronavirustracker.CoronavirusTrackerApplicationTests" time="19.324" tests="1" errors="0" skipped="0" failures="0">
  <properties>
[...]
</properties>
  <testcase name="contextLoads" classname="io.alanbinu.coronavirustracker.CoronavirusTrackerApplicationTests" time="3.986">
    <system-out><![CDATA[18:41:16.495 [main] INFO org.springframework.test.context.support.AnnotationConfigContextLoaderUtils -- Could not detect default configuration classes for test class [io.alanbinu.coronavirustracker.CoronavirusTrackerApplicationTests]: CoronavirusTrackerApplicationTests does not declare any static, non-private, non-final, nested classes annotated with @Configuration.
18:41:17.194 [main] INFO org.springframework.boot.test.context.SpringBootTestContextBootstrapper -- Found @SpringBootConfiguration io.alanbinu.coronavirustracker.CoronavirusTrackerApplication for test class io.alanbinu.coronavirustracker.CoronavirusTrackerApplicationTests
18:41:18.209 [main] INFO org.springframework.boot.devtools.restart.RestartApplicationListener -- Restart disabled due to context in which it is running

  .   ____          _            __ _ _
 /\\ / ___'_ __ _ _(_)_ __  __ _ \ \ \ \
( ( )\___ | '_ | '_| | '_ \/ _` | \ \ \ \
 \\/  ___)| |_)| | | | | || (_| |  ) ) ) )
  '  |____| .__|_| |_|_| |_\__, | / / / /
 =========|_|==============|___/=/_/_/_/

 :: Spring Boot ::                (v3.4.1)

2024-12-26T18:41:20.154+05:30  INFO 9656 --- [           main] i.a.c.CoronavirusTrackerApplicationTests : Starting CoronavirusTrackerApplicationTests using Java 23.0.1 with PID 9656 (started by Axxonet in E:\Project folder\Spring-Boot-Advanced-Projects\spring covid-19)
2024-12-26T18:41:20.170+05:30  INFO 9656 --- [           main] i.a.c.CoronavirusTrackerApplicationTests : No active profile set, falling back to 1 default profile: "default"
2024-12-26T18:41:27.886+05:30  INFO 9656 --- [           main] i.a.c.CoronavirusTrackerApplicationTests : Started CoronavirusTrackerApplicationTests in 9.77 seconds (process running for 15.427)
]]></system-out>
    <system-err><![CDATA[Mockito is currently self-attaching to enable the inline-mock-maker. This will no longer work in future releases of the JDK. Please add Mockito as an agent to your build what is described in Mockito's documentation: https://javadoc.io/doc/org.mockito/mockito-core/latest/org/mockito/Mockito.html#0.3
WARNING: A Java agent has been loaded dynamically (C:\Users\Axxonet\.m2\repository\net\bytebuddy\byte-buddy-agent\1.15.11\byte-buddy-agent-1.15.11.jar)
WARNING: If a serviceability tool is in use, please run with -XX:+EnableDynamicAgentLoading to hide this warning
WARNING: If a serviceability tool is not in use, please run with -Djdk.instrument.traceUsage for more information
WARNING: Dynamic loading of agents will be disallowed by default in a future release
]]></system-err>
  </testcase>
</testsuite>